[2015-07-02 19:48:05] production.ERROR: exception 'RuntimeException' with message 'No supported encrypter found. The cipher and / or key length are invalid.' in /home/firulais99/Documentos/MEGAsync/www/Proyectoweb/Proyectoweb/ejemplo78/bootstrap/cache/compiled.php:6606
Stack trace:
#0 /home/firulais99/Documentos/MEGAsync/www/Proyectoweb/Proyectoweb/ejemplo78/bootstrap/cache/compiled.php(1059): Illuminate\Encryption\EncryptionServiceProvider->Illuminate\Encryption\{closure}(Object(Illuminate\Foundation\Application), Array)
#1 /home/firulais99/Documentos/MEGAsync/www/Proyectoweb/Proyectoweb/ejemplo78/bootstrap/cache/compiled.php(1012): Illuminate\Container\Container->build(Object(Closure), Array)
#2 /home/firulais99/Documentos/MEGAsync/www/Proyectoweb/Proyectoweb/ejemplo78/bootstrap/cache/compiled.php(1550): Illuminate\Container\Container->make('encrypter', Array)
#3 /home/firulais99/Documentos/MEGAsync/www/Proyectoweb/Proyectoweb/ejemplo78/bootstrap/cache/compiled.php(1104): Illuminate\Foundation\Application->make('Illuminate\\Cont...')
#4 /home/firulais99/Documentos/MEGAsync/www/Proyectoweb/Proyectoweb/ejemplo78/bootstrap/cache/compiled.php(1088): Illuminate\Container\Container->resolveClass(Object(ReflectionParameter))
#5 /home/firulais99/Documentos/MEGAsync/www/Proyectoweb/Proyectoweb/ejemplo78/bootstrap/cache/compiled.php(1074): Illuminate\Container\Container->getDependencies(Array, Array)
#6 /home/firulais99/Documentos/MEGAsync/www/Proyectoweb/Proyectoweb/ejemplo78/bootstrap/cache/compiled.php(1012): Illuminate\Container\Container->build('App\\Http\\Middle...', Array)
#7 /home/firulais99/Documentos/MEGAsync/www/Proyectoweb/Proyectoweb/ejemplo78/bootstrap/cache/compiled.php(1550): Illuminate\Container\Container->make('App\\Http\\Middle...', Array)
#8 /home/firulais99/Documentos/MEGAsync/www/Proyectoweb/Proyectoweb/ejemplo78/bootstrap/cache/compiled.php(9101): Illuminate\Foundation\Application->make('App\\Http\\Middle...')
#9 /home/firulais99/Documentos/MEGAsync/www/Proyectoweb/Proyectoweb/ejemplo78/bootstrap/cache/compiled.php(2724): Illuminate\Pipeline\Pipeline->Illuminate\Pipeline\{closure}(Object(Illuminate\Http\Request))
#10 [internal function]: Illuminate\Foundation\Http\Middleware\CheckForMaintenanceMode->handle(Object(Illuminate\Http\Request), Object(Closure))
#11 /home/firulais99/Documentos/MEGAsync/www/Proyectoweb/Proyectoweb/ejemplo78/bootstrap/cache/compiled.php(9101): call_user_func_array(Array, Array)
#12 [internal function]: Illuminate\Pipeline\Pipeline->Illuminate\Pipeline\{closure}(Object(Illuminate\Http\Request))
#13 /home/firulais99/Documentos/MEGAsync/www/Proyectoweb/Proyectoweb/ejemplo78/bootstrap/cache/compiled.php(9091): call_user_func(Object(Closure), Object(Illuminate\Http\Request))
#14 /home/firulais99/Documentos/MEGAsync/www/Proyectoweb/Proyectoweb/ejemplo78/bootstrap/cache/compiled.php(2013): Illuminate\Pipeline\Pipeline->then(Object(Closure))
#15 /home/firulais99/Documentos/MEGAsync/www/Proyectoweb/Proyectoweb/ejemplo78/bootstrap/cache/compiled.php(1999): Illuminate\Foundation\Http\Kernel->sendRequestThroughRouter(Object(Illuminate\Http\Request))
#16 /home/firulais99/Documentos/MEGAsync/www/Proyectoweb/Proyectoweb/ejemplo78/public/index.php(54): Illuminate\Foundation\Http\Kernel->handle(Object(Illuminate\Http\Request))
#17 /home/firulais99/Documentos/MEGAsync/www/Proyectoweb/Proyectoweb/ejemplo78/server.php(21): require_once('/home/firulais9...')
#18 {main}  
[2015-07-02 19:48:05] production.ERROR: exception 'RuntimeException' with message 'No supported encrypter found. The cipher and / or key length are invalid.' in /home/firulais99/Documentos/MEGAsync/www/Proyectoweb/Proyectoweb/ejemplo78/bootstrap/cache/compiled.php:6606
Stack trace:
#0 /home/firulais99/Documentos/MEGAsync/www/Proyectoweb/Proyectoweb/ejemplo78/bootstrap/cache/compiled.php(1059): Illuminate\Encryption\EncryptionServiceProvider->Illuminate\Encryption\{closure}(Object(Illuminate\Foundation\Application), Array)
#1 /home/firulais99/Documentos/MEGAsync/www/Proyectoweb/Proyectoweb/ejemplo78/bootstrap/cache/compiled.php(1012): Illuminate\Container\Container->build(Object(Closure), Array)
#2 /home/firulais99/Documentos/MEGAsync/www/Proyectoweb/Proyectoweb/ejemplo78/bootstrap/cache/compiled.php(1550): Illuminate\Container\Container->make('encrypter', Array)
#3 /home/firulais99/Documentos/MEGAsync/www/Proyectoweb/Proyectoweb/ejemplo78/bootstrap/cache/compiled.php(1104): Illuminate\Foundation\Application->make('Illuminate\\Cont...')
#4 /home/firulais99/Documentos/MEGAsync/www/Proyectoweb/Proyectoweb/ejemplo78/bootstrap/cache/compiled.php(1088): Illuminate\Container\Container->resolveClass(Object(ReflectionParameter))
#5 /home/firulais99/Documentos/MEGAsync/www/Proyectoweb/Proyectoweb/ejemplo78/bootstrap/cache/compiled.php(1074): Illuminate\Container\Container->getDependencies(Array, Array)
#6 /home/firulais99/Documentos/MEGAsync/www/Proyectoweb/Proyectoweb/ejemplo78/bootstrap/cache/compiled.php(1012): Illuminate\Container\Container->build('App\\Http\\Middle...', Array)
#7 /home/firulais99/Documentos/MEGAsync/www/Proyectoweb/Proyectoweb/ejemplo78/bootstrap/cache/compiled.php(1550): Illuminate\Container\Container->make('App\\Http\\Middle...', Array)
#8 /home/firulais99/Documentos/MEGAsync/www/Proyectoweb/Proyectoweb/ejemplo78/bootstrap/cache/compiled.php(2020): Illuminate\Foundation\Application->make('App\\Http\\Middle...')
#9 /home/firulais99/Documentos/MEGAsync/www/Proyectoweb/Proyectoweb/ejemplo78/public/index.php(58): Illuminate\Foundation\Http\Kernel->terminate(Object(Illuminate\Http\Request), Object(Illuminate\Http\Response))
#10 /home/firulais99/Documentos/MEGAsync/www/Proyectoweb/Proyectoweb/ejemplo78/server.php(21): require_once('/home/firulais9...')
#11 {main}  
[2015-07-02 19:48:17] production.ERROR: exception 'RuntimeException' with message 'No supported encrypter found. The cipher and / or key length are invalid.' in /home/firulais99/Documentos/MEGAsync/www/Proyectoweb/Proyectoweb/ejemplo78/bootstrap/cache/compiled.php:6606
Stack trace:
#0 /home/firulais99/Documentos/MEGAsync/www/Proyectoweb/Proyectoweb/ejemplo78/bootstrap/cache/compiled.php(1059): Illuminate\Encryption\EncryptionServiceProvider->Illuminate\Encryption\{closure}(Object(Illuminate\Foundation\Application), Array)
#1 /home/firulais99/Documentos/MEGAsync/www/Proyectoweb/Proyectoweb/ejemplo78/bootstrap/cache/compiled.php(1012): Illuminate\Container\Container->build(Object(Closure), Array)
#2 /home/firulais99/Documentos/MEGAsync/www/Proyectoweb/Proyectoweb/ejemplo78/bootstrap/cache/compiled.php(1550): Illuminate\Container\Container->make('encrypter', Array)
#3 /home/firulais99/Documentos/MEGAsync/www/Proyectoweb/Proyectoweb/ejemplo78/bootstrap/cache/compiled.php(1104): Illuminate\Foundation\Application->make('Illuminate\\Cont...')
#4 /home/firulais99/Documentos/MEGAsync/www/Proyectoweb/Proyectoweb/ejemplo78/bootstrap/cache/compiled.php(1088): Illuminate\Container\Container->resolveClass(Object(ReflectionParameter))
#5 /home/firulais99/Documentos/MEGAsync/www/Proyectoweb/Proyectoweb/ejemplo78/bootstrap/cache/compiled.php(1074): Illuminate\Container\Container->getDependencies(Array, Array)
#6 /home/firulais99/Documentos/MEGAsync/www/Proyectoweb/Proyectoweb/ejemplo78/bootstrap/cache/compiled.php(1012): Illuminate\Container\Container->build('App\\Http\\Middle...', Array)
#7 /home/firulais99/Documentos/MEGAsync/www/Proyectoweb/Proyectoweb/ejemplo78/bootstrap/cache/compiled.php(1550): Illuminate\Container\Container->make('App\\Http\\Middle...', Array)
#8 /home/firulais99/Documentos/MEGAsync/www/Proyectoweb/Proyectoweb/ejemplo78/bootstrap/cache/compiled.php(9101): Illuminate\Foundation\Application->make('App\\Http\\Middle...')
#9 /home/firulais99/Documentos/MEGAsync/www/Proyectoweb/Proyectoweb/ejemplo78/bootstrap/cache/compiled.php(2724): Illuminate\Pipeline\Pipeline->Illuminate\Pipeline\{closure}(Object(Illuminate\Http\Request))
#10 [internal function]: Illuminate\Foundation\Http\Middleware\CheckForMaintenanceMode->handle(Object(Illuminate\Http\Request), Object(Closure))
#11 /home/firulais99/Documentos/MEGAsync/www/Proyectoweb/Proyectoweb/ejemplo78/bootstrap/cache/compiled.php(9101): call_user_func_array(Array, Array)
#12 [internal function]: Illuminate\Pipeline\Pipeline->Illuminate\Pipeline\{closure}(Object(Illuminate\Http\Request))
#13 /home/firulais99/Documentos/MEGAsync/www/Proyectoweb/Proyectoweb/ejemplo78/bootstrap/cache/compiled.php(9091): call_user_func(Object(Closure), Object(Illuminate\Http\Request))
#14 /home/firulais99/Documentos/MEGAsync/www/Proyectoweb/Proyectoweb/ejemplo78/bootstrap/cache/compiled.php(2013): Illuminate\Pipeline\Pipeline->then(Object(Closure))
#15 /home/firulais99/Documentos/MEGAsync/www/Proyectoweb/Proyectoweb/ejemplo78/bootstrap/cache/compiled.php(1999): Illuminate\Foundation\Http\Kernel->sendRequestThroughRouter(Object(Illuminate\Http\Request))
#16 /home/firulais99/Documentos/MEGAsync/www/Proyectoweb/Proyectoweb/ejemplo78/public/index.php(54): Illuminate\Foundation\Http\Kernel->handle(Object(Illuminate\Http\Request))
#17 /home/firulais99/Documentos/MEGAsync/www/Proyectoweb/Proyectoweb/ejemplo78/server.php(21): require_once('/home/firulais9...')
#18 {main}  
[2015-07-02 19:48:17] production.ERROR: exception 'RuntimeException' with message 'No supported encrypter found. The cipher and / or key length are invalid.' in /home/firulais99/Documentos/MEGAsync/www/Proyectoweb/Proyectoweb/ejemplo78/bootstrap/cache/compiled.php:6606
Stack trace:
#0 /home/firulais99/Documentos/MEGAsync/www/Proyectoweb/Proyectoweb/ejemplo78/bootstrap/cache/compiled.php(1059): Illuminate\Encryption\EncryptionServiceProvider->Illuminate\Encryption\{closure}(Object(Illuminate\Foundation\Application), Array)
#1 /home/firulais99/Documentos/MEGAsync/www/Proyectoweb/Proyectoweb/ejemplo78/bootstrap/cache/compiled.php(1012): Illuminate\Container\Container->build(Object(Closure), Array)
#2 /home/firulais99/Documentos/MEGAsync/www/Proyectoweb/Proyectoweb/ejemplo78/bootstrap/cache/compiled.php(1550): Illuminate\Container\Container->make('encrypter', Array)
#3 /home/firulais99/Documentos/MEGAsync/www/Proyectoweb/Proyectoweb/ejemplo78/bootstrap/cache/compiled.php(1104): Illuminate\Foundation\Application->make('Illuminate\\Cont...')
#4 /home/firulais99/Documentos/MEGAsync/www/Proyectoweb/Proyectoweb/ejemplo78/bootstrap/cache/compiled.php(1088): Illuminate\Container\Container->resolveClass(Object(ReflectionParameter))
#5 /home/firulais99/Documentos/MEGAsync/www/Proyectoweb/Proyectoweb/ejemplo78/bootstrap/cache/compiled.php(1074): Illuminate\Container\Container->getDependencies(Array, Array)
#6 /home/firulais99/Documentos/MEGAsync/www/Proyectoweb/Proyectoweb/ejemplo78/bootstrap/cache/compiled.php(1012): Illuminate\Container\Container->build('App\\Http\\Middle...', Array)
#7 /home/firulais99/Documentos/MEGAsync/www/Proyectoweb/Proyectoweb/ejemplo78/bootstrap/cache/compiled.php(1550): Illuminate\Container\Container->make('App\\Http\\Middle...', Array)
#8 /home/firulais99/Documentos/MEGAsync/www/Proyectoweb/Proyectoweb/ejemplo78/bootstrap/cache/compiled.php(2020): Illuminate\Foundation\Application->make('App\\Http\\Middle...')
#9 /home/firulais99/Documentos/MEGAsync/www/Proyectoweb/Proyectoweb/ejemplo78/public/index.php(58): Illuminate\Foundation\Http\Kernel->terminate(Object(Illuminate\Http\Request), Object(Illuminate\Http\Response))
#10 /home/firulais99/Documentos/MEGAsync/www/Proyectoweb/Proyectoweb/ejemplo78/server.php(21): require_once('/home/firulais9...')
#11 {main}  
[2015-07-02 19:48:17] production.ERROR: exception 'RuntimeException' with message 'No supported encrypter found. The cipher and / or key length are invalid.' in /home/firulais99/Documentos/MEGAsync/www/Proyectoweb/Proyectoweb/ejemplo78/bootstrap/cache/compiled.php:6606
Stack trace:
#0 /home/firulais99/Documentos/MEGAsync/www/Proyectoweb/Proyectoweb/ejemplo78/bootstrap/cache/compiled.php(1059): Illuminate\Encryption\EncryptionServiceProvider->Illuminate\Encryption\{closure}(Object(Illuminate\Foundation\Application), Array)
#1 /home/firulais99/Documentos/MEGAsync/www/Proyectoweb/Proyectoweb/ejemplo78/bootstrap/cache/compiled.php(1012): Illuminate\Container\Container->build(Object(Closure), Array)
#2 /home/firulais99/Documentos/MEGAsync/www/Proyectoweb/Proyectoweb/ejemplo78/bootstrap/cache/compiled.php(1550): Illuminate\Container\Container->make('encrypter', Array)
#3 /home/firulais99/Documentos/MEGAsync/www/Proyectoweb/Proyectoweb/ejemplo78/bootstrap/cache/compiled.php(1104): Illuminate\Foundation\Application->make('Illuminate\\Cont...')
#4 /home/firulais99/Documentos/MEGAsync/www/Proyectoweb/Proyectoweb/ejemplo78/bootstrap/cache/compiled.php(1088): Illuminate\Container\Container->resolveClass(Object(ReflectionParameter))
#5 /home/firulais99/Documentos/MEGAsync/www/Proyectoweb/Proyectoweb/ejemplo78/bootstrap/cache/compiled.php(1074): Illuminate\Container\Container->getDependencies(Array, Array)
#6 /home/firulais99/Documentos/MEGAsync/www/Proyectoweb/Proyectoweb/ejemplo78/bootstrap/cache/compiled.php(1012): Illuminate\Container\Container->build('App\\Http\\Middle...', Array)
#7 /home/firulais99/Documentos/MEGAsync/www/Proyectoweb/Proyectoweb/ejemplo78/bootstrap/cache/compiled.php(1550): Illuminate\Container\Container->make('App\\Http\\Middle...', Array)
#8 /home/firulais99/Documentos/MEGAsync/www/Proyectoweb/Proyectoweb/ejemplo78/bootstrap/cache/compiled.php(9101): Illuminate\Foundation\Application->make('App\\Http\\Middle...')
#9 /home/firulais99/Documentos/MEGAsync/www/Proyectoweb/Proyectoweb/ejemplo78/bootstrap/cache/compiled.php(2724): Illuminate\Pipeline\Pipeline->Illuminate\Pipeline\{closure}(Object(Illuminate\Http\Request))
#10 [internal function]: Illuminate\Foundation\Http\Middleware\CheckForMaintenanceMode->handle(Object(Illuminate\Http\Request), Object(Closure))
#11 /home/firulais99/Documentos/MEGAsync/www/Proyectoweb/Proyectoweb/ejemplo78/bootstrap/cache/compiled.php(9101): call_user_func_array(Array, Array)
#12 [internal function]: Illuminate\Pipeline\Pipeline->Illuminate\Pipeline\{closure}(Object(Illuminate\Http\Request))
#13 /home/firulais99/Documentos/MEGAsync/www/Proyectoweb/Proyectoweb/ejemplo78/bootstrap/cache/compiled.php(9091): call_user_func(Object(Closure), Object(Illuminate\Http\Request))
#14 /home/firulais99/Documentos/MEGAsync/www/Proyectoweb/Proyectoweb/ejemplo78/bootstrap/cache/compiled.php(2013): Illuminate\Pipeline\Pipeline->then(Object(Closure))
#15 /home/firulais99/Documentos/MEGAsync/www/Proyectoweb/Proyectoweb/ejemplo78/bootstrap/cache/compiled.php(1999): Illuminate\Foundation\Http\Kernel->sendRequestThroughRouter(Object(Illuminate\Http\Request))
#16 /home/firulais99/Documentos/MEGAsync/www/Proyectoweb/Proyectoweb/ejemplo78/public/index.php(54): Illuminate\Foundation\Http\Kernel->handle(Object(Illuminate\Http\Request))
#17 /home/firulais99/Documentos/MEGAsync/www/Proyectoweb/Proyectoweb/ejemplo78/server.php(21): require_once('/home/firulais9...')
#18 {main}  
[2015-07-02 19:48:17] production.ERROR: exception 'RuntimeException' with message 'No supported encrypter found. The cipher and / or key length are invalid.' in /home/firulais99/Documentos/MEGAsync/www/Proyectoweb/Proyectoweb/ejemplo78/bootstrap/cache/compiled.php:6606
Stack trace:
#0 /home/firulais99/Documentos/MEGAsync/www/Proyectoweb/Proyectoweb/ejemplo78/bootstrap/cache/compiled.php(1059): Illuminate\Encryption\EncryptionServiceProvider->Illuminate\Encryption\{closure}(Object(Illuminate\Foundation\Application), Array)
#1 /home/firulais99/Documentos/MEGAsync/www/Proyectoweb/Proyectoweb/ejemplo78/bootstrap/cache/compiled.php(1012): Illuminate\Container\Container->build(Object(Closure), Array)
#2 /home/firulais99/Documentos/MEGAsync/www/Proyectoweb/Proyectoweb/ejemplo78/bootstrap/cache/compiled.php(1550): Illuminate\Container\Container->make('encrypter', Array)
#3 /home/firulais99/Documentos/MEGAsync/www/Proyectoweb/Proyectoweb/ejemplo78/bootstrap/cache/compiled.php(1104): Illuminate\Foundation\Application->make('Illuminate\\Cont...')
#4 /home/firulais99/Documentos/MEGAsync/www/Proyectoweb/Proyectoweb/ejemplo78/bootstrap/cache/compiled.php(1088): Illuminate\Container\Container->resolveClass(Object(ReflectionParameter))
#5 /home/firulais99/Documentos/MEGAsync/www/Proyectoweb/Proyectoweb/ejemplo78/bootstrap/cache/compiled.php(1074): Illuminate\Container\Container->getDependencies(Array, Array)
#6 /home/firulais99/Documentos/MEGAsync/www/Proyectoweb/Proyectoweb/ejemplo78/bootstrap/cache/compiled.php(1012): Illuminate\Container\Container->build('App\\Http\\Middle...', Array)
#7 /home/firulais99/Documentos/MEGAsync/www/Proyectoweb/Proyectoweb/ejemplo78/bootstrap/cache/compiled.php(1550): Illuminate\Container\Container->make('App\\Http\\Middle...', Array)
#8 /home/firulais99/Documentos/MEGAsync/www/Proyectoweb/Proyectoweb/ejemplo78/bootstrap/cache/compiled.php(2020): Illuminate\Foundation\Application->make('App\\Http\\Middle...')
#9 /home/firulais99/Documentos/MEGAsync/www/Proyectoweb/Proyectoweb/ejemplo78/public/index.php(58): Illuminate\Foundation\Http\Kernel->terminate(Object(Illuminate\Http\Request), Object(Illuminate\Http\Response))
#10 /home/firulais99/Documentos/MEGAsync/www/Proyectoweb/Proyectoweb/ejemplo78/server.php(21): require_once('/home/firulais9...')
#11 {main}  
[2015-07-02 19:48:17] production.ERROR: exception 'RuntimeException' with message 'No supported encrypter found. The cipher and / or key length are invalid.' in /home/firulais99/Documentos/MEGAsync/www/Proyectoweb/Proyectoweb/ejemplo78/bootstrap/cache/compiled.php:6606
Stack trace:
#0 /home/firulais99/Documentos/MEGAsync/www/Proyectoweb/Proyectoweb/ejemplo78/bootstrap/cache/compiled.php(1059): Illuminate\Encryption\EncryptionServiceProvider->Illuminate\Encryption\{closure}(Object(Illuminate\Foundation\Application), Array)
#1 /home/firulais99/Documentos/MEGAsync/www/Proyectoweb/Proyectoweb/ejemplo78/bootstrap/cache/compiled.php(1012): Illuminate\Container\Container->build(Object(Closure), Array)
#2 /home/firulais99/Documentos/MEGAsync/www/Proyectoweb/Proyectoweb/ejemplo78/bootstrap/cache/compiled.php(1550): Illuminate\Container\Container->make('encrypter', Array)
#3 /home/firulais99/Documentos/MEGAsync/www/Proyectoweb/Proyectoweb/ejemplo78/bootstrap/cache/compiled.php(1104): Illuminate\Foundation\Application->make('Illuminate\\Cont...')
#4 /home/firulais99/Documentos/MEGAsync/www/Proyectoweb/Proyectoweb/ejemplo78/bootstrap/cache/compiled.php(1088): Illuminate\Container\Container->resolveClass(Object(ReflectionParameter))
#5 /home/firulais99/Documentos/MEGAsync/www/Proyectoweb/Proyectoweb/ejemplo78/bootstrap/cache/compiled.php(1074): Illuminate\Container\Container->getDependencies(Array, Array)
#6 /home/firulais99/Documentos/MEGAsync/www/Proyectoweb/Proyectoweb/ejemplo78/bootstrap/cache/compiled.php(1012): Illuminate\Container\Container->build('App\\Http\\Middle...', Array)
#7 /home/firulais99/Documentos/MEGAsync/www/Proyectoweb/Proyectoweb/ejemplo78/bootstrap/cache/compiled.php(1550): Illuminate\Container\Container->make('App\\Http\\Middle...', Array)
#8 /home/firulais99/Documentos/MEGAsync/www/Proyectoweb/Proyectoweb/ejemplo78/bootstrap/cache/compiled.php(9101): Illuminate\Foundation\Application->make('App\\Http\\Middle...')
#9 /home/firulais99/Documentos/MEGAsync/www/Proyectoweb/Proyectoweb/ejemplo78/bootstrap/cache/compiled.php(2724): Illuminate\Pipeline\Pipeline->Illuminate\Pipeline\{closure}(Object(Illuminate\Http\Request))
#10 [internal function]: Illuminate\Foundation\Http\Middleware\CheckForMaintenanceMode->handle(Object(Illuminate\Http\Request), Object(Closure))
#11 /home/firulais99/Documentos/MEGAsync/www/Proyectoweb/Proyectoweb/ejemplo78/bootstrap/cache/compiled.php(9101): call_user_func_array(Array, Array)
#12 [internal function]: Illuminate\Pipeline\Pipeline->Illuminate\Pipeline\{closure}(Object(Illuminate\Http\Request))
#13 /home/firulais99/Documentos/MEGAsync/www/Proyectoweb/Proyectoweb/ejemplo78/bootstrap/cache/compiled.php(9091): call_user_func(Object(Closure), Object(Illuminate\Http\Request))
#14 /home/firulais99/Documentos/MEGAsync/www/Proyectoweb/Proyectoweb/ejemplo78/bootstrap/cache/compiled.php(2013): Illuminate\Pipeline\Pipeline->then(Object(Closure))
#15 /home/firulais99/Documentos/MEGAsync/www/Proyectoweb/Proyectoweb/ejemplo78/bootstrap/cache/compiled.php(1999): Illuminate\Foundation\Http\Kernel->sendRequestThroughRouter(Object(Illuminate\Http\Request))
#16 /home/firulais99/Documentos/MEGAsync/www/Proyectoweb/Proyectoweb/ejemplo78/public/index.php(54): Illuminate\Foundation\Http\Kernel->handle(Object(Illuminate\Http\Request))
#17 /home/firulais99/Documentos/MEGAsync/www/Proyectoweb/Proyectoweb/ejemplo78/server.php(21): require_once('/home/firulais9...')
#18 {main}  
[2015-07-02 19:48:17] production.ERROR: exception 'RuntimeException' with message 'No supported encrypter found. The cipher and / or key length are invalid.' in /home/firulais99/Documentos/MEGAsync/www/Proyectoweb/Proyectoweb/ejemplo78/bootstrap/cache/compiled.php:6606
Stack trace:
#0 /home/firulais99/Documentos/MEGAsync/www/Proyectoweb/Proyectoweb/ejemplo78/bootstrap/cache/compiled.php(1059): Illuminate\Encryption\EncryptionServiceProvider->Illuminate\Encryption\{closure}(Object(Illuminate\Foundation\Application), Array)
#1 /home/firulais99/Documentos/MEGAsync/www/Proyectoweb/Proyectoweb/ejemplo78/bootstrap/cache/compiled.php(1012): Illuminate\Container\Container->build(Object(Closure), Array)
#2 /home/firulais99/Documentos/MEGAsync/www/Proyectoweb/Proyectoweb/ejemplo78/bootstrap/cache/compiled.php(1550): Illuminate\Container\Container->make('encrypter', Array)
#3 /home/firulais99/Documentos/MEGAsync/www/Proyectoweb/Proyectoweb/ejemplo78/bootstrap/cache/compiled.php(1104): Illuminate\Foundation\Application->make('Illuminate\\Cont...')
#4 /home/firulais99/Documentos/MEGAsync/www/Proyectoweb/Proyectoweb/ejemplo78/bootstrap/cache/compiled.php(1088): Illuminate\Container\Container->resolveClass(Object(ReflectionParameter))
#5 /home/firulais99/Documentos/MEGAsync/www/Proyectoweb/Proyectoweb/ejemplo78/bootstrap/cache/compiled.php(1074): Illuminate\Container\Container->getDependencies(Array, Array)
#6 /home/firulais99/Documentos/MEGAsync/www/Proyectoweb/Proyectoweb/ejemplo78/bootstrap/cache/compiled.php(1012): Illuminate\Container\Container->build('App\\Http\\Middle...', Array)
#7 /home/firulais99/Documentos/MEGAsync/www/Proyectoweb/Proyectoweb/ejemplo78/bootstrap/cache/compiled.php(1550): Illuminate\Container\Container->make('App\\Http\\Middle...', Array)
#8 /home/firulais99/Documentos/MEGAsync/www/Proyectoweb/Proyectoweb/ejemplo78/bootstrap/cache/compiled.php(2020): Illuminate\Foundation\Application->make('App\\Http\\Middle...')
#9 /home/firulais99/Documentos/MEGAsync/www/Proyectoweb/Proyectoweb/ejemplo78/public/index.php(58): Illuminate\Foundation\Http\Kernel->terminate(Object(Illuminate\Http\Request), Object(Illuminate\Http\Response))
#10 /home/firulais99/Documentos/MEGAsync/www/Proyectoweb/Proyectoweb/ejemplo78/server.php(21): require_once('/home/firulais9...')
#11 {main}  
[2015-07-02 19:48:18] production.ERROR: exception 'RuntimeException' with message 'No supported encrypter found. The cipher and / or key length are invalid.' in /home/firulais99/Documentos/MEGAsync/www/Proyectoweb/Proyectoweb/ejemplo78/bootstrap/cache/compiled.php:6606
Stack trace:
#0 /home/firulais99/Documentos/MEGAsync/www/Proyectoweb/Proyectoweb/ejemplo78/bootstrap/cache/compiled.php(1059): Illuminate\Encryption\EncryptionServiceProvider->Illuminate\Encryption\{closure}(Object(Illuminate\Foundation\Application), Array)
#1 /home/firulais99/Documentos/MEGAsync/www/Proyectoweb/Proyectoweb/ejemplo78/bootstrap/cache/compiled.php(1012): Illuminate\Container\Container->build(Object(Closure), Array)
#2 /home/firulais99/Documentos/MEGAsync/www/Proyectoweb/Proyectoweb/ejemplo78/bootstrap/cache/compiled.php(1550): Illuminate\Container\Container->make('encrypter', Array)
#3 /home/firulais99/Documentos/MEGAsync/www/Proyectoweb/Proyectoweb/ejemplo78/bootstrap/cache/compiled.php(1104): Illuminate\Foundation\Application->make('Illuminate\\Cont...')
#4 /home/firulais99/Documentos/MEGAsync/www/Proyectoweb/Proyectoweb/ejemplo78/bootstrap/cache/compiled.php(1088): Illuminate\Container\Container->resolveClass(Object(ReflectionParameter))
#5 /home/firulais99/Documentos/MEGAsync/www/Proyectoweb/Proyectoweb/ejemplo78/bootstrap/cache/compiled.php(1074): Illuminate\Container\Container->getDependencies(Array, Array)
#6 /home/firulais99/Documentos/MEGAsync/www/Proyectoweb/Proyectoweb/ejemplo78/bootstrap/cache/compiled.php(1012): Illuminate\Container\Container->build('App\\Http\\Middle...', Array)
#7 /home/firulais99/Documentos/MEGAsync/www/Proyectoweb/Proyectoweb/ejemplo78/bootstrap/cache/compiled.php(1550): Illuminate\Container\Container->make('App\\Http\\Middle...', Array)
#8 /home/firulais99/Documentos/MEGAsync/www/Proyectoweb/Proyectoweb/ejemplo78/bootstrap/cache/compiled.php(9101): Illuminate\Foundation\Application->make('App\\Http\\Middle...')
#9 /home/firulais99/Documentos/MEGAsync/www/Proyectoweb/Proyectoweb/ejemplo78/bootstrap/cache/compiled.php(2724): Illuminate\Pipeline\Pipeline->Illuminate\Pipeline\{closure}(Object(Illuminate\Http\Request))
#10 [internal function]: Illuminate\Foundation\Http\Middleware\CheckForMaintenanceMode->handle(Object(Illuminate\Http\Request), Object(Closure))
#11 /home/firulais99/Documentos/MEGAsync/www/Proyectoweb/Proyectoweb/ejemplo78/bootstrap/cache/compiled.php(9101): call_user_func_array(Array, Array)
#12 [internal function]: Illuminate\Pipeline\Pipeline->Illuminate\Pipeline\{closure}(Object(Illuminate\Http\Request))
#13 /home/firulais99/Documentos/MEGAsync/www/Proyectoweb/Proyectoweb/ejemplo78/bootstrap/cache/compiled.php(9091): call_user_func(Object(Closure), Object(Illuminate\Http\Request))
#14 /home/firulais99/Documentos/MEGAsync/www/Proyectoweb/Proyectoweb/ejemplo78/bootstrap/cache/compiled.php(2013): Illuminate\Pipeline\Pipeline->then(Object(Closure))
#15 /home/firulais99/Documentos/MEGAsync/www/Proyectoweb/Proyectoweb/ejemplo78/bootstrap/cache/compiled.php(1999): Illuminate\Foundation\Http\Kernel->sendRequestThroughRouter(Object(Illuminate\Http\Request))
#16 /home/firulais99/Documentos/MEGAsync/www/Proyectoweb/Proyectoweb/ejemplo78/public/index.php(54): Illuminate\Foundation\Http\Kernel->handle(Object(Illuminate\Http\Request))
#17 /home/firulais99/Documentos/MEGAsync/www/Proyectoweb/Proyectoweb/ejemplo78/server.php(21): require_once('/home/firulais9...')
#18 {main}  
[2015-07-02 19:48:18] production.ERROR: exception 'RuntimeException' with message 'No supported encrypter found. The cipher and / or key length are invalid.' in /home/firulais99/Documentos/MEGAsync/www/Proyectoweb/Proyectoweb/ejemplo78/bootstrap/cache/compiled.php:6606
Stack trace:
#0 /home/firulais99/Documentos/MEGAsync/www/Proyectoweb/Proyectoweb/ejemplo78/bootstrap/cache/compiled.php(1059): Illuminate\Encryption\EncryptionServiceProvider->Illuminate\Encryption\{closure}(Object(Illuminate\Foundation\Application), Array)
#1 /home/firulais99/Documentos/MEGAsync/www/Proyectoweb/Proyectoweb/ejemplo78/bootstrap/cache/compiled.php(1012): Illuminate\Container\Container->build(Object(Closure), Array)
#2 /home/firulais99/Documentos/MEGAsync/www/Proyectoweb/Proyectoweb/ejemplo78/bootstrap/cache/compiled.php(1550): Illuminate\Container\Container->make('encrypter', Array)
#3 /home/firulais99/Documentos/MEGAsync/www/Proyectoweb/Proyectoweb/ejemplo78/bootstrap/cache/compiled.php(1104): Illuminate\Foundation\Application->make('Illuminate\\Cont...')
#4 /home/firulais99/Documentos/MEGAsync/www/Proyectoweb/Proyectoweb/ejemplo78/bootstrap/cache/compiled.php(1088): Illuminate\Container\Container->resolveClass(Object(ReflectionParameter))
#5 /home/firulais99/Documentos/MEGAsync/www/Proyectoweb/Proyectoweb/ejemplo78/bootstrap/cache/compiled.php(1074): Illuminate\Container\Container->getDependencies(Array, Array)
#6 /home/firulais99/Documentos/MEGAsync/www/Proyectoweb/Proyectoweb/ejemplo78/bootstrap/cache/compiled.php(1012): Illuminate\Container\Container->build('App\\Http\\Middle...', Array)
#7 /home/firulais99/Documentos/MEGAsync/www/Proyectoweb/Proyectoweb/ejemplo78/bootstrap/cache/compiled.php(1550): Illuminate\Container\Container->make('App\\Http\\Middle...', Array)
#8 /home/firulais99/Documentos/MEGAsync/www/Proyectoweb/Proyectoweb/ejemplo78/bootstrap/cache/compiled.php(2020): Illuminate\Foundation\Application->make('App\\Http\\Middle...')
#9 /home/firulais99/Documentos/MEGAsync/www/Proyectoweb/Proyectoweb/ejemplo78/public/index.php(58): Illuminate\Foundation\Http\Kernel->terminate(Object(Illuminate\Http\Request), Object(Illuminate\Http\Response))
#10 /home/firulais99/Documentos/MEGAsync/www/Proyectoweb/Proyectoweb/ejemplo78/server.php(21): require_once('/home/firulais9...')
#11 {main}  
[2015-07-02 19:48:18] production.ERROR: exception 'RuntimeException' with message 'No supported encrypter found. The cipher and / or key length are invalid.' in /home/firulais99/Documentos/MEGAsync/www/Proyectoweb/Proyectoweb/ejemplo78/bootstrap/cache/compiled.php:6606
Stack trace:
#0 /home/firulais99/Documentos/MEGAsync/www/Proyectoweb/Proyectoweb/ejemplo78/bootstrap/cache/compiled.php(1059): Illuminate\Encryption\EncryptionServiceProvider->Illuminate\Encryption\{closure}(Object(Illuminate\Foundation\Application), Array)
#1 /home/firulais99/Documentos/MEGAsync/www/Proyectoweb/Proyectoweb/ejemplo78/bootstrap/cache/compiled.php(1012): Illuminate\Container\Container->build(Object(Closure), Array)
#2 /home/firulais99/Documentos/MEGAsync/www/Proyectoweb/Proyectoweb/ejemplo78/bootstrap/cache/compiled.php(1550): Illuminate\Container\Container->make('encrypter', Array)
#3 /home/firulais99/Documentos/MEGAsync/www/Proyectoweb/Proyectoweb/ejemplo78/bootstrap/cache/compiled.php(1104): Illuminate\Foundation\Application->make('Illuminate\\Cont...')
#4 /home/firulais99/Documentos/MEGAsync/www/Proyectoweb/Proyectoweb/ejemplo78/bootstrap/cache/compiled.php(1088): Illuminate\Container\Container->resolveClass(Object(ReflectionParameter))
#5 /home/firulais99/Documentos/MEGAsync/www/Proyectoweb/Proyectoweb/ejemplo78/bootstrap/cache/compiled.php(1074): Illuminate\Container\Container->getDependencies(Array, Array)
#6 /home/firulais99/Documentos/MEGAsync/www/Proyectoweb/Proyectoweb/ejemplo78/bootstrap/cache/compiled.php(1012): Illuminate\Container\Container->build('App\\Http\\Middle...', Array)
#7 /home/firulais99/Documentos/MEGAsync/www/Proyectoweb/Proyectoweb/ejemplo78/bootstrap/cache/compiled.php(1550): Illuminate\Container\Container->make('App\\Http\\Middle...', Array)
#8 /home/firulais99/Documentos/MEGAsync/www/Proyectoweb/Proyectoweb/ejemplo78/bootstrap/cache/compiled.php(9101): Illuminate\Foundation\Application->make('App\\Http\\Middle...')
#9 /home/firulais99/Documentos/MEGAsync/www/Proyectoweb/Proyectoweb/ejemplo78/bootstrap/cache/compiled.php(2724): Illuminate\Pipeline\Pipeline->Illuminate\Pipeline\{closure}(Object(Illuminate\Http\Request))
#10 [internal function]: Illuminate\Foundation\Http\Middleware\CheckForMaintenanceMode->handle(Object(Illuminate\Http\Request), Object(Closure))
#11 /home/firulais99/Documentos/MEGAsync/www/Proyectoweb/Proyectoweb/ejemplo78/bootstrap/cache/compiled.php(9101): call_user_func_array(Array, Array)
#12 [internal function]: Illuminate\Pipeline\Pipeline->Illuminate\Pipeline\{closure}(Object(Illuminate\Http\Request))
#13 /home/firulais99/Documentos/MEGAsync/www/Proyectoweb/Proyectoweb/ejemplo78/bootstrap/cache/compiled.php(9091): call_user_func(Object(Closure), Object(Illuminate\Http\Request))
#14 /home/firulais99/Documentos/MEGAsync/www/Proyectoweb/Proyectoweb/ejemplo78/bootstrap/cache/compiled.php(2013): Illuminate\Pipeline\Pipeline->then(Object(Closure))
#15 /home/firulais99/Documentos/MEGAsync/www/Proyectoweb/Proyectoweb/ejemplo78/bootstrap/cache/compiled.php(1999): Illuminate\Foundation\Http\Kernel->sendRequestThroughRouter(Object(Illuminate\Http\Request))
#16 /home/firulais99/Documentos/MEGAsync/www/Proyectoweb/Proyectoweb/ejemplo78/public/index.php(54): Illuminate\Foundation\Http\Kernel->handle(Object(Illuminate\Http\Request))
#17 /home/firulais99/Documentos/MEGAsync/www/Proyectoweb/Proyectoweb/ejemplo78/server.php(21): require_once('/home/firulais9...')
#18 {main}  
[2015-07-02 19:48:18] production.ERROR: exception 'RuntimeException' with message 'No supported encrypter found. The cipher and / or key length are invalid.' in /home/firulais99/Documentos/MEGAsync/www/Proyectoweb/Proyectoweb/ejemplo78/bootstrap/cache/compiled.php:6606
Stack trace:
#0 /home/firulais99/Documentos/MEGAsync/www/Proyectoweb/Proyectoweb/ejemplo78/bootstrap/cache/compiled.php(1059): Illuminate\Encryption\EncryptionServiceProvider->Illuminate\Encryption\{closure}(Object(Illuminate\Foundation\Application), Array)
#1 /home/firulais99/Documentos/MEGAsync/www/Proyectoweb/Proyectoweb/ejemplo78/bootstrap/cache/compiled.php(1012): Illuminate\Container\Container->build(Object(Closure), Array)
#2 /home/firulais99/Documentos/MEGAsync/www/Proyectoweb/Proyectoweb/ejemplo78/bootstrap/cache/compiled.php(1550): Illuminate\Container\Container->make('encrypter', Array)
#3 /home/firulais99/Documentos/MEGAsync/www/Proyectoweb/Proyectoweb/ejemplo78/bootstrap/cache/compiled.php(1104): Illuminate\Foundation\Application->make('Illuminate\\Cont...')
#4 /home/firulais99/Documentos/MEGAsync/www/Proyectoweb/Proyectoweb/ejemplo78/bootstrap/cache/compiled.php(1088): Illuminate\Container\Container->resolveClass(Object(ReflectionParameter))
#5 /home/firulais99/Documentos/MEGAsync/www/Proyectoweb/Proyectoweb/ejemplo78/bootstrap/cache/compiled.php(1074): Illuminate\Container\Container->getDependencies(Array, Array)
#6 /home/firulais99/Documentos/MEGAsync/www/Proyectoweb/Proyectoweb/ejemplo78/bootstrap/cache/compiled.php(1012): Illuminate\Container\Container->build('App\\Http\\Middle...', Array)
#7 /home/firulais99/Documentos/MEGAsync/www/Proyectoweb/Proyectoweb/ejemplo78/bootstrap/cache/compiled.php(1550): Illuminate\Container\Container->make('App\\Http\\Middle...', Array)
#8 /home/firulais99/Documentos/MEGAsync/www/Proyectoweb/Proyectoweb/ejemplo78/bootstrap/cache/compiled.php(2020): Illuminate\Foundation\Application->make('App\\Http\\Middle...')
#9 /home/firulais99/Documentos/MEGAsync/www/Proyectoweb/Proyectoweb/ejemplo78/public/index.php(58): Illuminate\Foundation\Http\Kernel->terminate(Object(Illuminate\Http\Request), Object(Illuminate\Http\Response))
#10 /home/firulais99/Documentos/MEGAsync/www/Proyectoweb/Proyectoweb/ejemplo78/server.php(21): require_once('/home/firulais9...')
#11 {main}  
[2015-07-02 19:48:18] production.ERROR: exception 'RuntimeException' with message 'No supported encrypter found. The cipher and / or key length are invalid.' in /home/firulais99/Documentos/MEGAsync/www/Proyectoweb/Proyectoweb/ejemplo78/bootstrap/cache/compiled.php:6606
Stack trace:
#0 /home/firulais99/Documentos/MEGAsync/www/Proyectoweb/Proyectoweb/ejemplo78/bootstrap/cache/compiled.php(1059): Illuminate\Encryption\EncryptionServiceProvider->Illuminate\Encryption\{closure}(Object(Illuminate\Foundation\Application), Array)
#1 /home/firulais99/Documentos/MEGAsync/www/Proyectoweb/Proyectoweb/ejemplo78/bootstrap/cache/compiled.php(1012): Illuminate\Container\Container->build(Object(Closure), Array)
#2 /home/firulais99/Documentos/MEGAsync/www/Proyectoweb/Proyectoweb/ejemplo78/bootstrap/cache/compiled.php(1550): Illuminate\Container\Container->make('encrypter', Array)
#3 /home/firulais99/Documentos/MEGAsync/www/Proyectoweb/Proyectoweb/ejemplo78/bootstrap/cache/compiled.php(1104): Illuminate\Foundation\Application->make('Illuminate\\Cont...')
#4 /home/firulais99/Documentos/MEGAsync/www/Proyectoweb/Proyectoweb/ejemplo78/bootstrap/cache/compiled.php(1088): Illuminate\Container\Container->resolveClass(Object(ReflectionParameter))
#5 /home/firulais99/Documentos/MEGAsync/www/Proyectoweb/Proyectoweb/ejemplo78/bootstrap/cache/compiled.php(1074): Illuminate\Container\Container->getDependencies(Array, Array)
#6 /home/firulais99/Documentos/MEGAsync/www/Proyectoweb/Proyectoweb/ejemplo78/bootstrap/cache/compiled.php(1012): Illuminate\Container\Container->build('App\\Http\\Middle...', Array)
#7 /home/firulais99/Documentos/MEGAsync/www/Proyectoweb/Proyectoweb/ejemplo78/bootstrap/cache/compiled.php(1550): Illuminate\Container\Container->make('App\\Http\\Middle...', Array)
#8 /home/firulais99/Documentos/MEGAsync/www/Proyectoweb/Proyectoweb/ejemplo78/bootstrap/cache/compiled.php(9101): Illuminate\Foundation\Application->make('App\\Http\\Middle...')
#9 /home/firulais99/Documentos/MEGAsync/www/Proyectoweb/Proyectoweb/ejemplo78/bootstrap/cache/compiled.php(2724): Illuminate\Pipeline\Pipeline->Illuminate\Pipeline\{closure}(Object(Illuminate\Http\Request))
#10 [internal function]: Illuminate\Foundation\Http\Middleware\CheckForMaintenanceMode->handle(Object(Illuminate\Http\Request), Object(Closure))
#11 /home/firulais99/Documentos/MEGAsync/www/Proyectoweb/Proyectoweb/ejemplo78/bootstrap/cache/compiled.php(9101): call_user_func_array(Array, Array)
#12 [internal function]: Illuminate\Pipeline\Pipeline->Illuminate\Pipeline\{closure}(Object(Illuminate\Http\Request))
#13 /home/firulais99/Documentos/MEGAsync/www/Proyectoweb/Proyectoweb/ejemplo78/bootstrap/cache/compiled.php(9091): call_user_func(Object(Closure), Object(Illuminate\Http\Request))
#14 /home/firulais99/Documentos/MEGAsync/www/Proyectoweb/Proyectoweb/ejemplo78/bootstrap/cache/compiled.php(2013): Illuminate\Pipeline\Pipeline->then(Object(Closure))
#15 /home/firulais99/Documentos/MEGAsync/www/Proyectoweb/Proyectoweb/ejemplo78/bootstrap/cache/compiled.php(1999): Illuminate\Foundation\Http\Kernel->sendRequestThroughRouter(Object(Illuminate\Http\Request))
#16 /home/firulais99/Documentos/MEGAsync/www/Proyectoweb/Proyectoweb/ejemplo78/public/index.php(54): Illuminate\Foundation\Http\Kernel->handle(Object(Illuminate\Http\Request))
#17 /home/firulais99/Documentos/MEGAsync/www/Proyectoweb/Proyectoweb/ejemplo78/server.php(21): require_once('/home/firulais9...')
#18 {main}  
[2015-07-02 19:48:18] production.ERROR: exception 'RuntimeException' with message 'No supported encrypter found. The cipher and / or key length are invalid.' in /home/firulais99/Documentos/MEGAsync/www/Proyectoweb/Proyectoweb/ejemplo78/bootstrap/cache/compiled.php:6606
Stack trace:
#0 /home/firulais99/Documentos/MEGAsync/www/Proyectoweb/Proyectoweb/ejemplo78/bootstrap/cache/compiled.php(1059): Illuminate\Encryption\EncryptionServiceProvider->Illuminate\Encryption\{closure}(Object(Illuminate\Foundation\Application), Array)
#1 /home/firulais99/Documentos/MEGAsync/www/Proyectoweb/Proyectoweb/ejemplo78/bootstrap/cache/compiled.php(1012): Illuminate\Container\Container->build(Object(Closure), Array)
#2 /home/firulais99/Documentos/MEGAsync/www/Proyectoweb/Proyectoweb/ejemplo78/bootstrap/cache/compiled.php(1550): Illuminate\Container\Container->make('encrypter', Array)
#3 /home/firulais99/Documentos/MEGAsync/www/Proyectoweb/Proyectoweb/ejemplo78/bootstrap/cache/compiled.php(1104): Illuminate\Foundation\Application->make('Illuminate\\Cont...')
#4 /home/firulais99/Documentos/MEGAsync/www/Proyectoweb/Proyectoweb/ejemplo78/bootstrap/cache/compiled.php(1088): Illuminate\Container\Container->resolveClass(Object(ReflectionParameter))
#5 /home/firulais99/Documentos/MEGAsync/www/Proyectoweb/Proyectoweb/ejemplo78/bootstrap/cache/compiled.php(1074): Illuminate\Container\Container->getDependencies(Array, Array)
#6 /home/firulais99/Documentos/MEGAsync/www/Proyectoweb/Proyectoweb/ejemplo78/bootstrap/cache/compiled.php(1012): Illuminate\Container\Container->build('App\\Http\\Middle...', Array)
#7 /home/firulais99/Documentos/MEGAsync/www/Proyectoweb/Proyectoweb/ejemplo78/bootstrap/cache/compiled.php(1550): Illuminate\Container\Container->make('App\\Http\\Middle...', Array)
#8 /home/firulais99/Documentos/MEGAsync/www/Proyectoweb/Proyectoweb/ejemplo78/bootstrap/cache/compiled.php(2020): Illuminate\Foundation\Application->make('App\\Http\\Middle...')
#9 /home/firulais99/Documentos/MEGAsync/www/Proyectoweb/Proyectoweb/ejemplo78/public/index.php(58): Illuminate\Foundation\Http\Kernel->terminate(Object(Illuminate\Http\Request), Object(Illuminate\Http\Response))
#10 /home/firulais99/Documentos/MEGAsync/www/Proyectoweb/Proyectoweb/ejemplo78/server.php(21): require_once('/home/firulais9...')
#11 {main}  
[2015-07-02 19:50:15] local.ERROR: exception 'RuntimeException' with message 'No supported encrypter found. The cipher and / or key length are invalid.' in /home/firulais99/Documentos/MEGAsync/www/Proyectoweb/Proyectoweb/ejemplo78/bootstrap/cache/compiled.php:6606
Stack trace:
#0 /home/firulais99/Documentos/MEGAsync/www/Proyectoweb/Proyectoweb/ejemplo78/bootstrap/cache/compiled.php(1059): Illuminate\Encryption\EncryptionServiceProvider->Illuminate\Encryption\{closure}(Object(Illuminate\Foundation\Application), Array)
#1 /home/firulais99/Documentos/MEGAsync/www/Proyectoweb/Proyectoweb/ejemplo78/bootstrap/cache/compiled.php(1012): Illuminate\Container\Container->build(Object(Closure), Array)
#2 /home/firulais99/Documentos/MEGAsync/www/Proyectoweb/Proyectoweb/ejemplo78/bootstrap/cache/compiled.php(1550): Illuminate\Container\Container->make('encrypter', Array)
#3 /home/firulais99/Documentos/MEGAsync/www/Proyectoweb/Proyectoweb/ejemplo78/bootstrap/cache/compiled.php(1104): Illuminate\Foundation\Application->make('Illuminate\\Cont...')
#4 /home/firulais99/Documentos/MEGAsync/www/Proyectoweb/Proyectoweb/ejemplo78/bootstrap/cache/compiled.php(1088): Illuminate\Container\Container->resolveClass(Object(ReflectionParameter))
#5 /home/firulais99/Documentos/MEGAsync/www/Proyectoweb/Proyectoweb/ejemplo78/bootstrap/cache/compiled.php(1074): Illuminate\Container\Container->getDependencies(Array, Array)
#6 /home/firulais99/Documentos/MEGAsync/www/Proyectoweb/Proyectoweb/ejemplo78/bootstrap/cache/compiled.php(1012): Illuminate\Container\Container->build('App\\Http\\Middle...', Array)
#7 /home/firulais99/Documentos/MEGAsync/www/Proyectoweb/Proyectoweb/ejemplo78/bootstrap/cache/compiled.php(1550): Illuminate\Container\Container->make('App\\Http\\Middle...', Array)
#8 /home/firulais99/Documentos/MEGAsync/www/Proyectoweb/Proyectoweb/ejemplo78/bootstrap/cache/compiled.php(9101): Illuminate\Foundation\Application->make('App\\Http\\Middle...')
#9 /home/firulais99/Documentos/MEGAsync/www/Proyectoweb/Proyectoweb/ejemplo78/bootstrap/cache/compiled.php(2724): Illuminate\Pipeline\Pipeline->Illuminate\Pipeline\{closure}(Object(Illuminate\Http\Request))
#10 [internal function]: Illuminate\Foundation\Http\Middleware\CheckForMaintenanceMode->handle(Object(Illuminate\Http\Request), Object(Closure))
#11 /home/firulais99/Documentos/MEGAsync/www/Proyectoweb/Proyectoweb/ejemplo78/bootstrap/cache/compiled.php(9101): call_user_func_array(Array, Array)
#12 [internal function]: Illuminate\Pipeline\Pipeline->Illuminate\Pipeline\{closure}(Object(Illuminate\Http\Request))
#13 /home/firulais99/Documentos/MEGAsync/www/Proyectoweb/Proyectoweb/ejemplo78/bootstrap/cache/compiled.php(9091): call_user_func(Object(Closure), Object(Illuminate\Http\Request))
#14 /home/firulais99/Documentos/MEGAsync/www/Proyectoweb/Proyectoweb/ejemplo78/bootstrap/cache/compiled.php(2013): Illuminate\Pipeline\Pipeline->then(Object(Closure))
#15 /home/firulais99/Documentos/MEGAsync/www/Proyectoweb/Proyectoweb/ejemplo78/bootstrap/cache/compiled.php(1999): Illuminate\Foundation\Http\Kernel->sendRequestThroughRouter(Object(Illuminate\Http\Request))
#16 /home/firulais99/Documentos/MEGAsync/www/Proyectoweb/Proyectoweb/ejemplo78/public/index.php(54): Illuminate\Foundation\Http\Kernel->handle(Object(Illuminate\Http\Request))
#17 /home/firulais99/Documentos/MEGAsync/www/Proyectoweb/Proyectoweb/ejemplo78/server.php(21): require_once('/home/firulais9...')
#18 {main}  
[2015-07-02 19:50:15] local.ERROR: exception 'RuntimeException' with message 'No supported encrypter found. The cipher and / or key length are invalid.' in /home/firulais99/Documentos/MEGAsync/www/Proyectoweb/Proyectoweb/ejemplo78/bootstrap/cache/compiled.php:6606
Stack trace:
#0 /home/firulais99/Documentos/MEGAsync/www/Proyectoweb/Proyectoweb/ejemplo78/bootstrap/cache/compiled.php(1059): Illuminate\Encryption\EncryptionServiceProvider->Illuminate\Encryption\{closure}(Object(Illuminate\Foundation\Application), Array)
#1 /home/firulais99/Documentos/MEGAsync/www/Proyectoweb/Proyectoweb/ejemplo78/bootstrap/cache/compiled.php(1012): Illuminate\Container\Container->build(Object(Closure), Array)
#2 /home/firulais99/Documentos/MEGAsync/www/Proyectoweb/Proyectoweb/ejemplo78/bootstrap/cache/compiled.php(1550): Illuminate\Container\Container->make('encrypter', Array)
#3 /home/firulais99/Documentos/MEGAsync/www/Proyectoweb/Proyectoweb/ejemplo78/bootstrap/cache/compiled.php(1104): Illuminate\Foundation\Application->make('Illuminate\\Cont...')
#4 /home/firulais99/Documentos/MEGAsync/www/Proyectoweb/Proyectoweb/ejemplo78/bootstrap/cache/compiled.php(1088): Illuminate\Container\Container->resolveClass(Object(ReflectionParameter))
#5 /home/firulais99/Documentos/MEGAsync/www/Proyectoweb/Proyectoweb/ejemplo78/bootstrap/cache/compiled.php(1074): Illuminate\Container\Container->getDependencies(Array, Array)
#6 /home/firulais99/Documentos/MEGAsync/www/Proyectoweb/Proyectoweb/ejemplo78/bootstrap/cache/compiled.php(1012): Illuminate\Container\Container->build('App\\Http\\Middle...', Array)
#7 /home/firulais99/Documentos/MEGAsync/www/Proyectoweb/Proyectoweb/ejemplo78/bootstrap/cache/compiled.php(1550): Illuminate\Container\Container->make('App\\Http\\Middle...', Array)
#8 /home/firulais99/Documentos/MEGAsync/www/Proyectoweb/Proyectoweb/ejemplo78/bootstrap/cache/compiled.php(2020): Illuminate\Foundation\Application->make('App\\Http\\Middle...')
#9 /home/firulais99/Documentos/MEGAsync/www/Proyectoweb/Proyectoweb/ejemplo78/public/index.php(58): Illuminate\Foundation\Http\Kernel->terminate(Object(Illuminate\Http\Request), Object(Illuminate\Http\Response))
#10 /home/firulais99/Documentos/MEGAsync/www/Proyectoweb/Proyectoweb/ejemplo78/server.php(21): require_once('/home/firulais9...')
#11 {main}  
